<?xml version="1.0" encoding="UTF-8"?>
<!-- Generated by org.testng.reporters.JUnitXMLReporter -->
<testsuite ignored="0" hostname="Kaykaku" failures="0" tests="13" name="DAOsuite-test" time="1.514" errors="0" timestamp="2022-04-15T22:21:51 ICT">
  <testcase classname="com.edusys.dao.NhanVienDAOTest" name="testSelectBySql" time="0.376"/>
  <testcase classname="com.edusys.dao.NhanVienDAOTest" name="testSelectAll" time="0.028"/>
  <testcase classname="com.edusys.dao.NhanVienDAOTest" name="testSelectByID" time="0.041"/>
  <testcase classname="com.edusys.dao.NhanVienDAOTest" name="testSelectByKey" time="0.022"/>
  <testcase classname="com.edusys.dao.NhanVienDAOTest" name="testInsert" time="0.14"/>
  <testcase classname="com.edusys.dao.NhanVienDAOTest" name="testUpdate" time="0.15"/>
  <testcase classname="com.edusys.dao.NhanVienDAOTest" name="testDelete" time="0.092"/>
  <testcase classname="com.edusys.dao.HocVienDAOTest" name="testSelectBySql" time="0.066"/>
  <testcase classname="com.edusys.dao.HocVienDAOTest" name="testSelectAll" time="0.095"/>
  <testcase classname="com.edusys.dao.HocVienDAOTest" name="testSelectByNHKH" time="0.077"/>
  <testcase classname="com.edusys.dao.HocVienDAOTest" name="testInsert" time="0.106"/>
  <testcase classname="com.edusys.dao.HocVienDAOTest" name="testUpdate" time="0.172"/>
  <testcase classname="com.edusys.dao.HocVienDAOTest" name="testDelete" time="0.114"/>
</testsuite> <!-- DAOsuite-test -->
