<?xml version="1.0" encoding="UTF-8"?>
<!-- Generated by org.testng.reporters.JUnitXMLReporter -->
<testsuite ignored="0" hostname="Kaykaku" failures="0" tests="15" name="UIsuite-test" time="1.952" errors="0" timestamp="2022-04-15T22:21:53 ICT">
  <testcase classname="com.edusys.ui.DangNhapJDialogTest" name="testIsLogin1" time="0.027"/>
  <testcase classname="com.edusys.ui.DangNhapJDialogTest" name="testIsLogin2" time="0.071"/>
  <testcase classname="com.edusys.ui.DangNhapJDialogTest" name="testIsLogin3" time="0.059"/>
  <testcase classname="com.edusys.ui.DoiMatKhauJDialogTest" name="testChangePass1" time="0.05"/>
  <testcase classname="com.edusys.ui.DoiMatKhauJDialogTest" name="testChangePass2" time="0.027"/>
  <testcase classname="com.edusys.ui.DoiMatKhauJDialogTest" name="testChangePass3" time="0.021"/>
  <testcase classname="com.edusys.ui.DoiMatKhauJDialogTest" name="testChangePass4" time="0.021"/>
  <testcase classname="com.edusys.ui.DoiMatKhauJDialogTest" name="testChangePass5" time="0.077"/>
  <testcase classname="com.edusys.ui.HocVienJDialogTest" name="testGetXepLoai" time="0.001"/>
  <testcase classname="com.edusys.ui.HocVienJDialogTest" name="testGetXepLoai" time="0.0"/>
  <testcase classname="com.edusys.ui.HocVienJDialogTest" name="testGetXepLoai" time="0.0"/>
  <testcase classname="com.edusys.ui.HocVienJDialogTest" name="testGetXepLoai" time="0.0"/>
  <testcase classname="com.edusys.ui.HocVienJDialogTest" name="testGetXepLoai" time="0.001"/>
  <testcase classname="com.edusys.ui.HocVienJDialogTest" name="testGetXepLoai" time="0.0"/>
  <testcase classname="com.edusys.ui.HocVienJDialogTest" name="testGetXepLoai" time="0.0"/>
</testsuite> <!-- UIsuite-test -->
