<?xml version="1.0" encoding="UTF-8"?>
<testng-results skipped="0" failed="0" total="19" passed="19">
  <reporter-output>
  </reporter-output>
  <suite name="main-suite" duration-ms="0" started-at="2022-04-14T18:29:02Z" finished-at="2022-04-14T18:29:02Z">
    <groups>
    </groups>
  </suite> <!-- main-suite -->
  <suite name="DAOsuite" duration-ms="305" started-at="2022-04-14T18:29:01Z" finished-at="2022-04-14T18:29:01Z">
    <groups>
    </groups>
    <test name="DAOsuite-test" duration-ms="305" started-at="2022-04-14T18:29:01Z" finished-at="2022-04-14T18:29:01Z">
      <class name="com.edusys.dao.NhanVienDAOTest">
        <test-method status="PASS" signature="testSelectAll()[pri:0, instance:com.edusys.dao.NhanVienDAOTest@6a1aab78]" name="testSelectAll" duration-ms="156" started-at="2022-04-15T01:29:01Z" finished-at="2022-04-15T01:29:01Z">
          <reporter-output>
          </reporter-output>
        </test-method> <!-- testSelectAll -->
        <test-method status="PASS" signature="testSelectByID()[pri:0, instance:com.edusys.dao.NhanVienDAOTest@6a1aab78]" name="testSelectByID" duration-ms="28" started-at="2022-04-15T01:29:01Z" finished-at="2022-04-15T01:29:01Z">
          <reporter-output>
          </reporter-output>
        </test-method> <!-- testSelectByID -->
        <test-method status="PASS" signature="testSelectByKey()[pri:0, instance:com.edusys.dao.NhanVienDAOTest@6a1aab78]" name="testSelectByKey" duration-ms="12" started-at="2022-04-15T01:29:01Z" finished-at="2022-04-15T01:29:01Z">
          <reporter-output>
          </reporter-output>
        </test-method> <!-- testSelectByKey -->
        <test-method status="PASS" signature="testSelectBySql()[pri:0, instance:com.edusys.dao.NhanVienDAOTest@6a1aab78]" name="testSelectBySql" duration-ms="11" started-at="2022-04-15T01:29:01Z" finished-at="2022-04-15T01:29:01Z">
          <reporter-output>
          </reporter-output>
        </test-method> <!-- testSelectBySql -->
        <test-method status="PASS" signature="testInsert()[pri:0, instance:com.edusys.dao.NhanVienDAOTest@6a1aab78]" name="testInsert" duration-ms="32" started-at="2022-04-15T01:29:01Z" finished-at="2022-04-15T01:29:01Z">
          <reporter-output>
          </reporter-output>
        </test-method> <!-- testInsert -->
        <test-method status="PASS" signature="testUpdate()[pri:0, instance:com.edusys.dao.NhanVienDAOTest@6a1aab78]" name="testUpdate" duration-ms="29" started-at="2022-04-15T01:29:01Z" finished-at="2022-04-15T01:29:01Z">
          <reporter-output>
          </reporter-output>
        </test-method> <!-- testUpdate -->
        <test-method status="PASS" signature="testDelete()[pri:0, instance:com.edusys.dao.NhanVienDAOTest@6a1aab78]" name="testDelete" duration-ms="30" started-at="2022-04-15T01:29:01Z" finished-at="2022-04-15T01:29:01Z">
          <reporter-output>
          </reporter-output>
        </test-method> <!-- testDelete -->
      </class> <!-- com.edusys.dao.NhanVienDAOTest -->
    </test> <!-- DAOsuite-test -->
  </suite> <!-- DAOsuite -->
  <suite name="UIsuite" duration-ms="851" started-at="2022-04-14T18:29:01Z" finished-at="2022-04-14T18:29:02Z">
    <groups>
    </groups>
    <test name="UIsuite-test" duration-ms="851" started-at="2022-04-14T18:29:01Z" finished-at="2022-04-14T18:29:02Z">
      <class name="com.edusys.ui.HocVienJDialogTest">
        <test-method status="PASS" signature="init()[pri:0, instance:com.edusys.ui.HocVienJDialogTest@fe18270]" name="init" is-config="true" duration-ms="555" started-at="2022-04-15T01:29:01Z" finished-at="2022-04-15T01:29:02Z">
          <reporter-output>
          </reporter-output>
        </test-method> <!-- init -->
        <test-method status="PASS" signature="testGetXepLoai(java.lang.String, java.lang.String)[pri:0, instance:com.edusys.ui.HocVienJDialogTest@fe18270]" name="testGetXepLoai" duration-ms="0" started-at="2022-04-15T01:29:02Z" data-provider="input" finished-at="2022-04-15T01:29:02Z">
          <params>
            <param index="0">
              <value>
                <![CDATA[9.2]]>
              </value>
            </param>
            <param index="1">
              <value>
                <![CDATA[Xu?t s?c]]>
              </value>
            </param>
          </params>
          <reporter-output>
          </reporter-output>
        </test-method> <!-- testGetXepLoai -->
        <test-method status="PASS" signature="testGetXepLoai(java.lang.String, java.lang.String)[pri:0, instance:com.edusys.ui.HocVienJDialogTest@fe18270]" name="testGetXepLoai" duration-ms="0" started-at="2022-04-15T01:29:02Z" data-provider="input" finished-at="2022-04-15T01:29:02Z">
          <params>
            <param index="0">
              <value>
                <![CDATA[4.3]]>
              </value>
            </param>
            <param index="1">
              <value>
                <![CDATA[Ch?a ??t]]>
              </value>
            </param>
          </params>
          <reporter-output>
          </reporter-output>
        </test-method> <!-- testGetXepLoai -->
        <test-method status="PASS" signature="testGetXepLoai(java.lang.String, java.lang.String)[pri:0, instance:com.edusys.ui.HocVienJDialogTest@fe18270]" name="testGetXepLoai" duration-ms="0" started-at="2022-04-15T01:29:02Z" data-provider="input" finished-at="2022-04-15T01:29:02Z">
          <params>
            <param index="0">
              <value>
                <![CDATA[7.9]]>
              </value>
            </param>
            <param index="1">
              <value>
                <![CDATA[Kh]]>
              </value>
            </param>
          </params>
          <reporter-output>
          </reporter-output>
        </test-method> <!-- testGetXepLoai -->
        <test-method status="PASS" signature="testGetXepLoai(java.lang.String, java.lang.String)[pri:0, instance:com.edusys.ui.HocVienJDialogTest@fe18270]" name="testGetXepLoai" duration-ms="0" started-at="2022-04-15T01:29:02Z" data-provider="input" finished-at="2022-04-15T01:29:02Z">
          <params>
            <param index="0">
              <value>
                <![CDATA[8.7]]>
              </value>
            </param>
            <param index="1">
              <value>
                <![CDATA[Gi?i]]>
              </value>
            </param>
          </params>
          <reporter-output>
          </reporter-output>
        </test-method> <!-- testGetXepLoai -->
        <test-method status="PASS" signature="testGetXepLoai(java.lang.String, java.lang.String)[pri:0, instance:com.edusys.ui.HocVienJDialogTest@fe18270]" name="testGetXepLoai" duration-ms="0" started-at="2022-04-15T01:29:02Z" data-provider="input" finished-at="2022-04-15T01:29:02Z">
          <params>
            <param index="0">
              <value>
                <![CDATA[6.1]]>
              </value>
            </param>
            <param index="1">
              <value>
                <![CDATA[Trung b�nh]]>
              </value>
            </param>
          </params>
          <reporter-output>
          </reporter-output>
        </test-method> <!-- testGetXepLoai -->
        <test-method status="PASS" signature="testGetXepLoai(java.lang.String, java.lang.String)[pri:0, instance:com.edusys.ui.HocVienJDialogTest@fe18270]" name="testGetXepLoai" duration-ms="0" started-at="2022-04-15T01:29:02Z" data-provider="input" finished-at="2022-04-15T01:29:02Z">
          <params>
            <param index="0">
              <value>
                <![CDATA[-1]]>
              </value>
            </param>
            <param index="1">
              <value>
                <![CDATA[Kh�ng h?p l?]]>
              </value>
            </param>
          </params>
          <reporter-output>
          </reporter-output>
        </test-method> <!-- testGetXepLoai -->
        <test-method status="PASS" signature="testGetXepLoai(java.lang.String, java.lang.String)[pri:0, instance:com.edusys.ui.HocVienJDialogTest@fe18270]" name="testGetXepLoai" duration-ms="0" started-at="2022-04-15T01:29:02Z" data-provider="input" finished-at="2022-04-15T01:29:02Z">
          <params>
            <param index="0">
              <value>
                <![CDATA[11]]>
              </value>
            </param>
            <param index="1">
              <value>
                <![CDATA[Kh�ng h?p l?]]>
              </value>
            </param>
          </params>
          <reporter-output>
          </reporter-output>
        </test-method> <!-- testGetXepLoai -->
      </class> <!-- com.edusys.ui.HocVienJDialogTest -->
      <class name="com.edusys.ui.DoiMatKhauJDialogTest">
        <test-method status="PASS" signature="setUp()[pri:0, instance:com.edusys.ui.DoiMatKhauJDialogTest@52525845]" name="setUp" is-config="true" duration-ms="27" started-at="2022-04-15T01:29:02Z" finished-at="2022-04-15T01:29:02Z">
          <reporter-output>
          </reporter-output>
        </test-method> <!-- setUp -->
        <test-method status="PASS" signature="testChangePass1()[pri:0, instance:com.edusys.ui.DoiMatKhauJDialogTest@52525845]" name="testChangePass1" duration-ms="40" started-at="2022-04-15T01:29:02Z" finished-at="2022-04-15T01:29:02Z">
          <exception class="java.lang.NullPointerException">
            <full-stacktrace>
              <![CDATA[java.lang.NullPointerException
	at com.edusys.ui.DoiMatKhauJDialog.init(DoiMatKhauJDialog.java:37)
	at com.edusys.ui.DoiMatKhauJDialog.<init>(DoiMatKhauJDialog.java:29)
	at com.edusys.ui.DoiMatKhauJDialogTest.testChangePass1(DoiMatKhauJDialogTest.java:50)
	at sun.reflect.NativeMethodAccessorImpl.invoke0(Native Method)
	at sun.reflect.NativeMethodAccessorImpl.invoke(NativeMethodAccessorImpl.java:62)
	at sun.reflect.DelegatingMethodAccessorImpl.invoke(DelegatingMethodAccessorImpl.java:43)
	at java.lang.reflect.Method.invoke(Method.java:498)
	at org.testng.internal.MethodInvocationHelper.invokeMethod(MethodInvocationHelper.java:84)
	at org.testng.internal.Invoker.invokeMethod(Invoker.java:714)
	at org.testng.internal.Invoker.invokeTestMethod(Invoker.java:901)
	at org.testng.internal.Invoker.invokeTestMethods(Invoker.java:1231)
	at org.testng.internal.TestMethodWorker.invokeTestMethods(TestMethodWorker.java:127)
	at org.testng.internal.TestMethodWorker.run(TestMethodWorker.java:111)
	at org.testng.TestRunner.privateRun(TestRunner.java:767)
	at org.testng.TestRunner.run(TestRunner.java:617)
	at org.testng.SuiteRunner.runTest(SuiteRunner.java:334)
	at org.testng.SuiteRunner.runSequentially(SuiteRunner.java:329)
	at org.testng.SuiteRunner.privateRun(SuiteRunner.java:291)
	at org.testng.SuiteRunner.run(SuiteRunner.java:240)
	at org.testng.SuiteRunnerWorker.runSuite(SuiteRunnerWorker.java:52)
	at org.testng.SuiteRunnerWorker.run(SuiteRunnerWorker.java:86)
	at org.testng.TestNG.runSuitesSequentially(TestNG.java:1224)
	at org.testng.TestNG.runSuitesSequentially(TestNG.java:1220)
	at org.testng.TestNG.runSuitesLocally(TestNG.java:1149)
	at org.testng.TestNG.run(TestNG.java:1057)
	at org.testng.TestNG.privateMain(TestNG.java:1364)
	at org.testng.TestNG.main(TestNG.java:1333)
]]>
            </full-stacktrace>
          </exception> <!-- java.lang.NullPointerException -->
          <reporter-output>
          </reporter-output>
        </test-method> <!-- testChangePass1 -->
        <test-method status="PASS" signature="tearDown()[pri:0, instance:com.edusys.ui.DoiMatKhauJDialogTest@52525845]" name="tearDown" is-config="true" duration-ms="9" started-at="2022-04-15T01:29:02Z" finished-at="2022-04-15T01:29:02Z">
          <reporter-output>
          </reporter-output>
        </test-method> <!-- tearDown -->
        <test-method status="PASS" signature="setUp()[pri:0, instance:com.edusys.ui.DoiMatKhauJDialogTest@52525845]" name="setUp" is-config="true" duration-ms="25" started-at="2022-04-15T01:29:02Z" finished-at="2022-04-15T01:29:02Z">
          <reporter-output>
          </reporter-output>
        </test-method> <!-- setUp -->
        <test-method status="PASS" signature="testChangePass2()[pri:0, instance:com.edusys.ui.DoiMatKhauJDialogTest@52525845]" name="testChangePass2" duration-ms="17" started-at="2022-04-15T01:29:02Z" finished-at="2022-04-15T01:29:02Z">
          <reporter-output>
          </reporter-output>
        </test-method> <!-- testChangePass2 -->
        <test-method status="PASS" signature="tearDown()[pri:0, instance:com.edusys.ui.DoiMatKhauJDialogTest@52525845]" name="tearDown" is-config="true" duration-ms="10" started-at="2022-04-15T01:29:02Z" finished-at="2022-04-15T01:29:02Z">
          <reporter-output>
          </reporter-output>
        </test-method> <!-- tearDown -->
        <test-method status="PASS" signature="setUp()[pri:0, instance:com.edusys.ui.DoiMatKhauJDialogTest@52525845]" name="setUp" is-config="true" duration-ms="28" started-at="2022-04-15T01:29:02Z" finished-at="2022-04-15T01:29:02Z">
          <reporter-output>
          </reporter-output>
        </test-method> <!-- setUp -->
        <test-method status="PASS" signature="testChangePass3()[pri:0, instance:com.edusys.ui.DoiMatKhauJDialogTest@52525845]" name="testChangePass3" duration-ms="16" started-at="2022-04-15T01:29:02Z" finished-at="2022-04-15T01:29:02Z">
          <reporter-output>
          </reporter-output>
        </test-method> <!-- testChangePass3 -->
        <test-method status="PASS" signature="tearDown()[pri:0, instance:com.edusys.ui.DoiMatKhauJDialogTest@52525845]" name="tearDown" is-config="true" duration-ms="9" started-at="2022-04-15T01:29:02Z" finished-at="2022-04-15T01:29:02Z">
          <reporter-output>
          </reporter-output>
        </test-method> <!-- tearDown -->
        <test-method status="PASS" signature="setUp()[pri:0, instance:com.edusys.ui.DoiMatKhauJDialogTest@52525845]" name="setUp" is-config="true" duration-ms="26" started-at="2022-04-15T01:29:02Z" finished-at="2022-04-15T01:29:02Z">
          <reporter-output>
          </reporter-output>
        </test-method> <!-- setUp -->
        <test-method status="PASS" signature="testChangePass4()[pri:0, instance:com.edusys.ui.DoiMatKhauJDialogTest@52525845]" name="testChangePass4" duration-ms="15" started-at="2022-04-15T01:29:02Z" finished-at="2022-04-15T01:29:02Z">
          <reporter-output>
          </reporter-output>
        </test-method> <!-- testChangePass4 -->
        <test-method status="PASS" signature="tearDown()[pri:0, instance:com.edusys.ui.DoiMatKhauJDialogTest@52525845]" name="tearDown" is-config="true" duration-ms="9" started-at="2022-04-15T01:29:02Z" finished-at="2022-04-15T01:29:02Z">
          <reporter-output>
          </reporter-output>
        </test-method> <!-- tearDown -->
        <test-method status="PASS" signature="setUp()[pri:0, instance:com.edusys.ui.DoiMatKhauJDialogTest@52525845]" name="setUp" is-config="true" duration-ms="26" started-at="2022-04-15T01:29:02Z" finished-at="2022-04-15T01:29:02Z">
          <reporter-output>
          </reporter-output>
        </test-method> <!-- setUp -->
        <test-method status="PASS" signature="testChangePass5()[pri:0, instance:com.edusys.ui.DoiMatKhauJDialogTest@52525845]" name="testChangePass5" duration-ms="22" started-at="2022-04-15T01:29:02Z" finished-at="2022-04-15T01:29:02Z">
          <reporter-output>
          </reporter-output>
        </test-method> <!-- testChangePass5 -->
        <test-method status="PASS" signature="tearDown()[pri:0, instance:com.edusys.ui.DoiMatKhauJDialogTest@52525845]" name="tearDown" is-config="true" duration-ms="10" started-at="2022-04-15T01:29:02Z" finished-at="2022-04-15T01:29:02Z">
          <reporter-output>
          </reporter-output>
        </test-method> <!-- tearDown -->
      </class> <!-- com.edusys.ui.DoiMatKhauJDialogTest -->
    </test> <!-- UIsuite-test -->
  </suite> <!-- UIsuite -->
</testng-results>
