<?xml version="1.0" encoding="UTF-8"?>
<!-- Generated by org.testng.reporters.JUnitXMLReporter -->
<testsuite ignored="0" hostname="Kaykaku" failures="0" tests="3" name="Default test" time="21.2" errors="0" timestamp="2022-04-15T22:13:57 ICT">
  <testcase classname="webtest.DangNhapPageTest" name="launchWebsite" time="7.591"/>
  <testcase classname="webtest.DangNhapPageTest" name="FillLogin" time="1.218"/>
  <testcase classname="webtest.DangNhapPageTest" name="DoLogin" time="11.063"/>
</testsuite> <!-- Default test -->
