<?xml version="1.0" encoding="UTF-8"?>
<!-- Generated by org.testng.reporters.JUnitXMLReporter -->
<testsuite ignored="0" hostname="Kaykaku" failures="0" tests="3" name="LoginPageWebSuite-test" time="18.802" errors="0" timestamp="2022-04-15T22:22:12 ICT">
  <testcase classname="webtest.DangNhapPageTest" name="launchWebsite" time="5.292"/>
  <testcase classname="webtest.DangNhapPageTest" name="FillLogin" time="1.224"/>
  <testcase classname="webtest.DangNhapPageTest" name="DoLogin" time="11.076"/>
</testsuite> <!-- LoginPageWebSuite-test -->
